==================== 2026-01-20T09:07:25.866346Z | a8b6feee-f091-46ba-b8ac-d067d710635f ====================
09:07:25.866451 [info ]: Starting dbt LSP server
09:07:25.866513 [info ]: Connecting to LSP client on port 8000
09:07:25.868642 [info ]: Successfully connected to LSP client
09:07:25.868689 [info ]: Creating LSP service...
09:07:25.916436 [info ]: Creating LSP server...
09:07:25.916460 [info ]: Starting LSP server...
09:07:25.948751 [info ]: Started loading project
09:07:25.954680 [info ]: Loading ~/.dbt/profiles.yml
09:07:26.220662 [info ]: Started parsing
09:07:26.294156 [info ]: Finished loading project [  0.35s]
09:07:26.339080 [info ]: Finished parsing [  0.12s]
09:07:26.339586 [info ]: Cached model count updated: 2 models (estimate)
09:07:26.339600 [info ]: Cached model count updated: 2 models (accurate)
09:07:26.339684 [info ]: Started scheduling
09:07:26.339873 [info ]: Finished scheduling [  0.00s]
09:07:26.450115 [info ]: Started building task graph
09:07:26.450455 [info ]: Finished building task graph [  0.00s]
09:07:26.450755 [info ]: Started rendering (2 nodes)
09:07:26.450813 [info ]: Started model public.my_first_dbt_model
09:07:26.450860 [debug]: Started rendering model public.my_first_dbt_model
09:07:26.463422 [debug]: Finished rendering [  0.01s] model public.my_first_dbt_model [success]
09:07:26.463501 [info ]: Started analyzing (2 nodes)
09:07:26.463525 [debug]: Started analyzing model public.my_first_dbt_model
09:07:26.463673 [info ]:  Succeeded [  0.01s] model public.my_first_dbt_model (table)
09:07:26.463705 [debug]: Finished analyzing [  0.00s] model public.my_first_dbt_model [success]
09:07:26.463722 [info ]: Started model public.my_second_dbt_model
09:07:26.463732 [debug]: Started rendering model public.my_second_dbt_model
09:07:26.465815 [debug]: Finished rendering [  0.00s] model public.my_second_dbt_model [success]
09:07:26.465857 [info ]: Finished rendering [  0.02s] (2 nodes, 0 skipped, 0 errors)
09:07:26.465906 [debug]: Started analyzing model public.my_second_dbt_model
09:07:26.466007 [info ]:  Succeeded [  0.00s] model public.my_second_dbt_model (view)
09:07:26.466054 [debug]: Finished analyzing [  0.00s] model public.my_second_dbt_model [success]
09:07:26.466067 [info ]: Finished analyzing [  0.00s] (2 nodes, 0 skipped, 0 errors)
09:07:26.472539 [info ]: Cached model count updated: 2 models (accurate)
09:07:26.860584 [info ]: Loading ~/.dbt/profiles.yml
09:10:42.652939 [info ]: Started loading project
09:10:42.654333 [info ]: Loading ~/.dbt/profiles.yml
09:10:42.664036 [info ]: Started parsing
09:10:42.682835 [info ]: Finished loading project [  0.03s]
09:10:42.735492 [info ]: Finished parsing [  0.07s]
09:10:42.737205 [info ]: Cached model count updated: 2 models (estimate)
09:10:42.737234 [info ]: Cached model count updated: 2 models (accurate)
09:10:42.737275 [info ]: Started scheduling
09:10:42.737533 [info ]: Finished scheduling [  0.00s]
09:10:42.842148 [info ]: Started building task graph
09:10:42.842228 [info ]: Finished building task graph [  0.00s]
09:10:42.842419 [info ]: Started rendering (2 nodes)
09:10:42.842456 [info ]: Started model public.my_first_dbt_model
09:10:42.842470 [debug]: Started rendering model public.my_first_dbt_model
09:10:42.843849 [info ]: Started analyzing (2 nodes)
09:10:42.843848 [debug]: Finished rendering [  0.00s] model public.my_first_dbt_model [success]
09:10:42.843864 [debug]: Started analyzing model public.my_first_dbt_model
09:10:42.843899 [info ]:  Succeeded [  0.00s] model public.my_first_dbt_model (table)
09:10:42.843913 [debug]: Finished analyzing [  0.00s] model public.my_first_dbt_model [success]
09:10:42.843922 [info ]: Started model public.my_second_dbt_model
09:10:42.843927 [debug]: Started rendering model public.my_second_dbt_model
09:10:42.844464 [debug]: Started analyzing model public.my_second_dbt_model
09:10:42.844474 [debug]: Finished rendering [  0.00s] model public.my_second_dbt_model [success]
09:10:42.844487 [info ]: Finished rendering [  0.00s] (2 nodes, 0 skipped, 0 errors)
09:10:42.844498 [info ]:  Succeeded [-------] model public.my_second_dbt_model (view)
09:10:42.844510 [debug]: Finished analyzing [  0.00s] model public.my_second_dbt_model [success]
09:10:42.844516 [info ]: Finished analyzing [  0.00s] (2 nodes, 0 skipped, 0 errors)
09:10:42.844583 [debug]: Incremental compilation - 2 nodes selected: {"model.dbt_showroom.my_first_dbt_model", "model.dbt_showroom.my_second_dbt_model"}
09:10:42.847701 [info ]: Cached model count updated: 2 models (accurate)
09:10:43.254563 [info ]: Started loading project
09:10:43.255494 [info ]: Loading ~/.dbt/profiles.yml
09:10:43.259805 [info ]: Finished loading project [  0.01s]
09:10:43.259824 [info ]: Cached model count updated: 2 models (accurate)
